<?xml version="1.0" encoding="UTF-8"?>
<testng-results ignored="0" total="1" passed="1" failed="0" skipped="0">
  <reporter-output>
  </reporter-output>
  <suite started-at="2025-02-07T09:50:42 IST" name="Default suite" finished-at="2025-02-07T09:50:52 IST" duration-ms="9747">
    <groups>
    </groups>
    <test started-at="2025-02-07T09:50:42 IST" name="Default test" finished-at="2025-02-07T09:50:52 IST" duration-ms="9747">
      <class name="QAFoxWebsite.QAFoxWebsite.Scripts">
        <test-method signature="Lanch()[pri:0, instance:QAFoxWebsite.QAFoxWebsite.Scripts@5bf0d49]" started-at="2025-02-07T09:50:43 IST" name="Lanch" finished-at="2025-02-07T09:50:52 IST" duration-ms="9649" status="PASS">
          <reporter-output>
          </reporter-output>
        </test-method> <!-- Lanch -->
      </class> <!-- QAFoxWebsite.QAFoxWebsite.Scripts -->
    </test> <!-- Default test -->
  </suite> <!-- Default suite -->
</testng-results>
