<?xml version="1.0" encoding="UTF-8"?>
<testng-results ignored="0" total="1" passed="1" failed="0" skipped="0">
  <reporter-output>
  </reporter-output>
  <suite started-at="2025-02-09T16:19:25 IST" name="Default suite" finished-at="2025-02-09T16:19:43 IST" duration-ms="17243">
    <groups>
    </groups>
    <test started-at="2025-02-09T16:19:25 IST" name="Default test" finished-at="2025-02-09T16:19:43 IST" duration-ms="17243">
      <class name="QAFoxWebsite.QAFoxWebsite.Scripts">
        <test-method is-config="true" signature="Lanch()[pri:0, instance:QAFoxWebsite.QAFoxWebsite.Scripts@22555ebf]" started-at="2025-02-09T16:19:26 IST" name="Lanch" finished-at="2025-02-09T16:19:34 IST" duration-ms="8948" status="PASS">
          <reporter-output>
          </reporter-output>
        </test-method> <!-- Lanch -->
        <test-method signature="loginapll()[pri:0, instance:QAFoxWebsite.QAFoxWebsite.Scripts@22555ebf]" started-at="2025-02-09T16:19:34 IST" name="loginapll" finished-at="2025-02-09T16:19:42 IST" duration-ms="7498" status="PASS">
          <reporter-output>
          </reporter-output>
        </test-method> <!-- loginapll -->
        <test-method is-config="true" signature="exitchromeDriver()[pri:0, instance:QAFoxWebsite.QAFoxWebsite.Scripts@22555ebf]" started-at="2025-02-09T16:19:42 IST" name="exitchromeDriver" finished-at="2025-02-09T16:19:43 IST" duration-ms="706" status="PASS">
          <reporter-output>
          </reporter-output>
        </test-method> <!-- exitchromeDriver -->
      </class> <!-- QAFoxWebsite.QAFoxWebsite.Scripts -->
    </test> <!-- Default test -->
  </suite> <!-- Default suite -->
</testng-results>
