<?xml version="1.0" encoding="UTF-8"?>
<!-- Generated by org.testng.reporters.JUnitXMLReporter -->
<testsuite ignored="1" hostname="VMLAP142" failures="0" tests="1" name="Default test" time="23.336" errors="0" timestamp="2025-02-09T15:12:47 IST">
  <testcase classname="QAFoxWebsite.QAFoxWebsite.Scripts" name="registerusertodimain" time="13.37"/>
  <testcase classname="QAFoxWebsite.QAFoxWebsite.Scripts" name="Homepagesc" time="0.0">
    <ignored/>
  </testcase> <!-- Homepagesc -->
</testsuite> <!-- Default test -->
